2023-09-06 15:52:18 INFO - Loaded Ekam build configuration {mobile.feed=mobilefeed, api.hosts=hosts, web.url=https://testvagrant.myshopify.com/}
2023-09-06 15:52:18 INFO - Setting up Ekam build...
2023-09-06 16:05:47 INFO - Loaded Ekam build configuration {mobile.feed=mobilefeed, api.hosts=hosts, web.url=https://testvagrant.myshopify.com/}
2023-09-06 16:05:48 INFO - Setting up Ekam build...
2023-09-06 16:13:21 INFO - Loaded Ekam build configuration {mobile.feed=mobilefeed, web.console.log=false, web.target=firefox, api.hosts=hosts, web.url=https://testvagrant.myshopify.com/}
2023-09-06 16:13:21 INFO - Setting up Ekam build...
2023-09-06 16:15:07 INFO - Loaded Ekam build configuration {mobile.feed=mobilefeed, web.console.log=false, web.target=Safari, api.hosts=hosts, web.url=https://testvagrant.myshopify.com/}
2023-09-06 16:15:07 INFO - Setting up Ekam build...
2023-09-06 16:15:22 INFO - Loaded Ekam build configuration {mobile.feed=mobilefeed, //web.console.log=false, web.target=Safari, api.hosts=hosts, web.url=https://testvagrant.myshopify.com/}
2023-09-06 16:15:22 INFO - Setting up Ekam build...
2023-09-06 16:18:40 INFO - Loaded Ekam build configuration {mobile.feed=mobilefeed, web.console.log=false, web.target=firefox, api.hosts=hosts, web.url=https://testvagrant.myshopify.com/}
2023-09-06 16:18:40 INFO - Setting up Ekam build...
2023-09-06 16:20:26 INFO - Loaded Ekam build configuration {mobile.feed=mobilefeed, web.console.log=false, web.target=firefox, api.hosts=hosts, web.url=https://testvagrant.myshopify.com/}
2023-09-06 16:20:26 INFO - Setting up Ekam build...
2023-09-06 16:21:46 INFO - Loaded Ekam build configuration {mobile.feed=mobilefeed, web.console.log=false, web.target=firefox, api.hosts=hosts, web.url=https://testvagrant.myshopify.com/}
2023-09-06 16:21:46 INFO - Setting up Ekam build...
2023-09-06 16:28:28 INFO - Loaded Ekam build configuration {mobile.feed=mobilefeed, web.console.log=false, web.target=firefox, api.hosts=hosts, web.url=https://testvagrant.myshopify.com/}
2023-09-06 16:28:28 INFO - Setting up Ekam build...
2023-09-06 16:29:39 INFO - Loaded Ekam build configuration {mobile.feed=mobilefeed, web.console.log=false, web.target=firefox, api.hosts=hosts, web.url=https://testvagrant.myshopify.com/}
2023-09-06 16:29:39 INFO - Setting up Ekam build...
2023-09-06 16:33:05 INFO - Loaded Ekam build configuration {mobile.feed=mobilefeed, web.console.log=false, web.target=firefox, api.hosts=hosts, web.url=https://testvagrant.myshopify.com/}
2023-09-06 16:33:05 INFO - Setting up Ekam build...
2023-09-08 18:01:24 INFO - Loaded Ekam build configuration {mobile.feed=mobilefeed, web.console.log=false, web.target=firefox, api.hosts=hosts, web.url=https://testvagrant.myshopify.com/}
2023-09-08 18:01:24 INFO - Setting up Ekam build...
2023-09-08 18:02:07 INFO - Loaded Ekam build configuration {mobile.feed=mobilefeed, web.console.log=false, web.target=firefox, api.hosts=hosts, web.url=https://testvagrant.myshopify.com/}
2023-09-08 18:02:07 INFO - Setting up Ekam build...
2023-09-08 18:03:07 INFO - Loaded Ekam build configuration {mobile.feed=mobilefeed, web.console.log=false, web.target=chrome, api.hosts=hosts, web.url=https://testvagrant.myshopify.com/}
2023-09-08 18:03:07 INFO - Setting up Ekam build...
2023-09-08 18:07:13 INFO - Loaded Ekam build configuration {mobile.feed=mobilefeed, web.console.log=false, web.target=chrome, api.hosts=hosts, web.url=https://testvagrant.myshopify.com/}
2023-09-08 18:07:13 INFO - Setting up Ekam build...
2023-09-08 18:19:08 INFO - Loaded Ekam build configuration {mobile.feed=mobilefeed, web.console.log=false, web.target=chrome, api.hosts=hosts, web.url=https://testvagrant.myshopify.com/}
2023-09-08 18:19:08 INFO - Setting up Ekam build...
2023-09-08 18:19:34 INFO - Loaded Ekam build configuration {mobile.feed=mobilefeed, web.console.log=false, web.target=chrome, api.hosts=hosts, web.url=https://testvagrant.myshopify.com/}
2023-09-08 18:19:34 INFO - Setting up Ekam build...
2023-09-08 18:20:40 INFO - Loaded Ekam build configuration {mobile.feed=mobilefeed, web.console.log=false, web.target=chrome, api.hosts=hosts, web.url=https://testvagrant.myshopify.com/}
2023-09-08 18:20:40 INFO - Setting up Ekam build...
2023-09-08 18:24:02 INFO - Loaded Ekam build configuration {mobile.feed=mobilefeed, web.console.log=false, web.target=chrome, api.hosts=hosts, web.url=https://testvagrant.myshopify.com/}
2023-09-08 18:24:02 INFO - Setting up Ekam build...
2023-09-08 18:26:05 INFO - Loaded Ekam build configuration {mobile.feed=mobilefeed, web.console.log=false, web.target=chrome, api.hosts=hosts, web.url=https://testvagrant.myshopify.com/}
2023-09-08 18:26:05 INFO - Setting up Ekam build...
2023-09-08 18:27:55 INFO - Loaded Ekam build configuration {mobile.feed=mobilefeed, web.console.log=false, web.target=chrome, api.hosts=hosts, web.url=https://testvagrant.myshopify.com/}
2023-09-08 18:27:55 INFO - Setting up Ekam build...
2023-09-13 11:02:00 INFO - Loaded Ekam build configuration {mobile.feed=mobilefeed, web.console.log=false, web.target=chrome, api.hosts=hosts, web.url=https://testvagrant.myshopify.com/}
2023-09-13 11:02:01 INFO - Setting up Ekam build...
2023-09-13 11:02:36 INFO - Loaded Ekam build configuration {mobile.feed=mobilefeed, web.console.log=false, web.target=chrome, api.hosts=hosts, web.url=https://testvagrant.myshopify.com/}
2023-09-13 11:02:36 INFO - Setting up Ekam build...
2023-09-13 11:05:20 INFO - Loaded Ekam build configuration {mobile.feed=mobilefeed, web.console.log=false, web.target=chrome, api.hosts=hosts, web.url=https://testvagrant.myshopify.com/}
2023-09-13 11:05:20 INFO - Setting up Ekam build...
2023-09-13 11:06:16 INFO - Loaded Ekam build configuration {mobile.feed=mobilefeed, web.console.log=false, web.target=chrome, api.hosts=hosts, web.url=https://testvagrant.myshopify.com/}
2023-09-13 11:06:16 INFO - Setting up Ekam build...
2023-09-13 11:07:44 INFO - Loaded Ekam build configuration {mobile.feed=mobilefeed, web.console.log=false, web.target=chrome, api.hosts=hosts, web.url=https://testvagrant.myshopify.com/}
2023-09-13 11:07:44 INFO - Setting up Ekam build...
2023-09-13 11:08:29 INFO - Loaded Ekam build configuration {mobile.feed=mobilefeed, web.console.log=false, web.target=chrome, api.hosts=hosts, web.url=https://testvagrant.myshopify.com/}
2023-09-13 11:08:29 INFO - Setting up Ekam build...
2023-09-13 11:09:55 INFO - Loaded Ekam build configuration {mobile.feed=mobilefeed, web.console.log=false, web.target=chrome, api.hosts=hosts, web.url=https://testvagrant.myshopify.com/}
2023-09-13 11:09:55 INFO - Setting up Ekam build...
2023-09-13 11:10:35 INFO - Loaded Ekam build configuration {mobile.feed=mobilefeed, web.console.log=false, web.target=firefox, api.hosts=hosts, web.url=https://testvagrant.myshopify.com/}
2023-09-13 11:10:35 INFO - Setting up Ekam build...
2023-09-13 11:13:36 INFO - Loaded Ekam build configuration {mobile.feed=mobilefeed, web.console.log=false, web.target=firefox, api.hosts=hosts, web.url=https://testvagrant.myshopify.com/}
2023-09-13 11:13:36 INFO - Setting up Ekam build...
2023-09-13 11:14:15 INFO - Loaded Ekam build configuration {mobile.feed=mobilefeed, web.console.log=false, web.target=firefox, api.hosts=hosts, web.url=https://testvagrant.myshopify.com/}
2023-09-13 11:14:15 INFO - Setting up Ekam build...
2023-09-13 11:31:01 INFO - Loaded Ekam build configuration {mobile.feed=mobilefeed, web.console.log=false, web.target=firefox, api.hosts=hosts, web.url=https://testvagrant.myshopify.com/}
2023-09-13 11:31:01 INFO - Setting up Ekam build...
2023-09-13 11:36:05 INFO - Loaded Ekam build configuration {mobile.feed=mobilefeed, web.console.log=false, web.target=firefox, api.hosts=hosts, web.url=https://testvagrant.myshopify.com/}
2023-09-13 11:36:05 INFO - Setting up Ekam build...
2023-09-13 11:38:47 INFO - Loaded Ekam build configuration {mobile.feed=mobilefeed, web.console.log=false, web.target=firefox, api.hosts=hosts, web.url=https://testvagrant.myshopify.com/}
2023-09-13 11:38:47 INFO - Setting up Ekam build...
2023-09-13 11:43:57 INFO - Loaded Ekam build configuration {mobile.feed=mobilefeed, web.console.log=false, web.target=firefox, api.hosts=hosts, web.url=https://testvagrant.myshopify.com/}
2023-09-13 11:43:57 INFO - Setting up Ekam build...
2023-09-13 12:09:09 INFO - Loaded Ekam build configuration {mobile.feed=mobilefeed, web.console.log=false, web.target=firefox, api.hosts=hosts, web.url=https://testvagrant.myshopify.com/}
2023-09-13 12:09:09 INFO - Setting up Ekam build...
2023-09-13 12:17:27 INFO - Loaded Ekam build configuration {mobile.feed=mobilefeed, web.console.log=false, web.target=firefox, api.hosts=hosts, web.url=https://testvagrant.myshopify.com/}
2023-09-13 12:17:27 INFO - Setting up Ekam build...
2023-09-13 12:21:36 INFO - Loaded Ekam build configuration {mobile.feed=mobilefeed, web.console.log=false, web.target=firefox, api.hosts=hosts, web.url=https://testvagrant.myshopify.com/}
2023-09-13 12:21:36 INFO - Setting up Ekam build...
2023-09-13 12:26:10 INFO - Loaded Ekam build configuration {mobile.feed=mobilefeed, web.console.log=false, web.target=firefox, api.hosts=hosts, web.url=https://testvagrant.myshopify.com/}
2023-09-13 12:26:10 INFO - Setting up Ekam build...
2023-09-13 12:30:22 INFO - Loaded Ekam build configuration {mobile.feed=mobilefeed, web.console.log=false, web.target=firefox, api.hosts=hosts, web.url=https://testvagrant.myshopify.com/}
2023-09-13 12:30:22 INFO - Setting up Ekam build...
2023-09-13 12:49:43 INFO - Loaded Ekam build configuration {mobile.feed=mobilefeed, web.console.log=false, web.target=firefox, api.hosts=hosts, web.url=https://testvagrant.myshopify.com/}
2023-09-13 12:49:43 INFO - Setting up Ekam build...
2023-09-13 13:14:44 INFO - Loaded Ekam build configuration {mobile.feed=mobilefeed, web.console.log=false, web.target=firefox, api.hosts=hosts, web.url=https://testvagrant.myshopify.com/}
2023-09-13 13:14:44 INFO - Setting up Ekam build...
2023-09-13 13:22:32 INFO - Loaded Ekam build configuration {mobile.feed=mobilefeed, web.console.log=false, web.target=firefox, api.hosts=hosts, web.url=https://testvagrant.myshopify.com/}
2023-09-13 13:22:32 INFO - Setting up Ekam build...
2023-09-13 14:24:23 INFO - Loaded Ekam build configuration {mobile.feed=mobilefeed, web.console.log=false, web.target=firefox, api.hosts=hosts, web.url=https://testvagrant.myshopify.com/}
2023-09-13 14:24:23 INFO - Setting up Ekam build...
2023-09-13 14:32:27 INFO - Loaded Ekam build configuration {mobile.feed=mobilefeed, web.console.log=false, web.target=firefox, api.hosts=hosts, web.url=https://testvagrant.myshopify.com/}
2023-09-13 14:32:27 INFO - Setting up Ekam build...
2023-09-13 14:33:53 INFO - Loaded Ekam build configuration {mobile.feed=mobilefeed, web.console.log=false, web.target=firefox, api.hosts=hosts, web.url=https://testvagrant.myshopify.com/}
2023-09-13 14:33:53 INFO - Setting up Ekam build...
2023-09-13 14:39:55 INFO - Loaded Ekam build configuration {mobile.feed=mobilefeed, web.console.log=false, web.target=firefox, api.hosts=hosts, web.url=https://testvagrant.myshopify.com/}
2023-09-13 14:39:55 INFO - Setting up Ekam build...
2023-09-13 14:45:30 INFO - Loaded Ekam build configuration {mobile.feed=mobilefeed, web.console.log=false, web.target=firefox, api.hosts=hosts, web.url=https://testvagrant.myshopify.com/}
2023-09-13 14:45:30 INFO - Setting up Ekam build...
2023-09-13 14:53:38 INFO - Loaded Ekam build configuration {mobile.feed=mobilefeed, web.console.log=false, web.target=firefox, api.hosts=hosts, web.url=https://testvagrant.myshopify.com/}
2023-09-13 14:53:38 INFO - Setting up Ekam build...
2023-09-13 14:57:18 INFO - Loaded Ekam build configuration {mobile.feed=mobilefeed, web.console.log=false, web.target=firefox, api.hosts=hosts, web.url=https://testvagrant.myshopify.com/}
2023-09-13 14:57:18 INFO - Setting up Ekam build...
2023-09-13 14:59:55 INFO - Loaded Ekam build configuration {mobile.feed=mobilefeed, web.console.log=false, web.target=firefox, api.hosts=hosts, web.url=https://testvagrant.myshopify.com/}
2023-09-13 14:59:55 INFO - Setting up Ekam build...
2023-09-13 15:03:21 INFO - Loaded Ekam build configuration {mobile.feed=mobilefeed, web.console.log=false, web.target=firefox, api.hosts=hosts, web.url=https://testvagrant.myshopify.com/}
2023-09-13 15:03:21 INFO - Setting up Ekam build...
2023-09-13 15:05:58 INFO - Loaded Ekam build configuration {mobile.feed=mobilefeed, web.console.log=false, web.target=firefox, api.hosts=hosts, web.url=https://testvagrant.myshopify.com/}
2023-09-13 15:05:58 INFO - Setting up Ekam build...
2023-09-13 15:17:58 INFO - Loaded Ekam build configuration {mobile.feed=mobilefeed, web.console.log=false, web.target=firefox, api.hosts=hosts, web.url=https://testvagrant.myshopify.com/}
2023-09-13 15:17:58 INFO - Setting up Ekam build...
2023-09-13 15:24:16 INFO - Loaded Ekam build configuration {mobile.feed=mobilefeed, web.console.log=false, web.target=firefox, api.hosts=hosts, web.url=https://testvagrant.myshopify.com/}
2023-09-13 15:24:16 INFO - Setting up Ekam build...
2023-09-13 15:29:19 INFO - Loaded Ekam build configuration {mobile.feed=mobilefeed, web.console.log=false, web.target=firefox, api.hosts=hosts, web.url=https://testvagrant.myshopify.com/}
2023-09-13 15:29:19 INFO - Setting up Ekam build...
2023-09-13 15:30:57 INFO - Loaded Ekam build configuration {mobile.feed=mobilefeed, web.console.log=false, web.target=firefox, api.hosts=hosts, web.url=https://testvagrant.myshopify.com/}
2023-09-13 15:30:57 INFO - Setting up Ekam build...
2023-09-13 15:33:48 INFO - Loaded Ekam build configuration {mobile.feed=mobilefeed, web.console.log=false, web.target=firefox, api.hosts=hosts, web.url=https://testvagrant.myshopify.com/}
2023-09-13 15:33:48 INFO - Setting up Ekam build...
2023-09-13 15:36:43 INFO - Loaded Ekam build configuration {mobile.feed=mobilefeed, web.console.log=false, web.target=firefox, api.hosts=hosts, web.url=https://testvagrant.myshopify.com/}
2023-09-13 15:36:43 INFO - Setting up Ekam build...
2023-09-13 15:39:10 INFO - Loaded Ekam build configuration {mobile.feed=mobilefeed, web.console.log=false, web.target=firefox, api.hosts=hosts, web.url=https://testvagrant.myshopify.com/}
2023-09-13 15:39:10 INFO - Setting up Ekam build...
2023-09-13 15:40:55 INFO - Loaded Ekam build configuration {mobile.feed=mobilefeed, web.console.log=false, web.target=firefox, api.hosts=hosts, web.url=https://testvagrant.myshopify.com/}
2023-09-13 15:40:55 INFO - Setting up Ekam build...
2023-09-13 15:41:46 INFO - Loaded Ekam build configuration {mobile.feed=mobilefeed, web.console.log=false, web.target=firefox, api.hosts=hosts, web.url=https://testvagrant.myshopify.com/}
2023-09-13 15:41:46 INFO - Setting up Ekam build...
2023-09-13 15:42:57 INFO - Loaded Ekam build configuration {mobile.feed=mobilefeed, web.console.log=false, web.target=firefox, api.hosts=hosts, web.url=https://testvagrant.myshopify.com/}
2023-09-13 15:42:57 INFO - Setting up Ekam build...
2023-09-13 15:43:53 INFO - Loaded Ekam build configuration {mobile.feed=mobilefeed, web.console.log=false, web.target=firefox, api.hosts=hosts, web.url=https://testvagrant.myshopify.com/}
2023-09-13 15:43:53 INFO - Setting up Ekam build...
2023-09-13 15:44:29 INFO - Loaded Ekam build configuration {mobile.feed=mobilefeed, web.console.log=false, web.target=firefox, api.hosts=hosts, web.url=https://testvagrant.myshopify.com/}
2023-09-13 15:44:29 INFO - Setting up Ekam build...
2023-09-13 15:46:09 INFO - Loaded Ekam build configuration {mobile.feed=mobilefeed, web.console.log=false, web.target=firefox, api.hosts=hosts, web.url=https://testvagrant.myshopify.com/}
2023-09-13 15:46:09 INFO - Setting up Ekam build...
2023-09-13 15:47:06 INFO - Loaded Ekam build configuration {mobile.feed=mobilefeed, web.console.log=false, web.target=firefox, api.hosts=hosts, web.url=https://testvagrant.myshopify.com/}
2023-09-13 15:47:06 INFO - Setting up Ekam build...
2023-09-13 15:50:27 INFO - Loaded Ekam build configuration {mobile.feed=mobilefeed, web.console.log=false, web.target=firefox, api.hosts=hosts, web.url=https://testvagrant.myshopify.com/}
2023-09-13 15:50:28 INFO - Setting up Ekam build...
2023-09-13 15:53:59 INFO - Loaded Ekam build configuration {mobile.feed=mobilefeed, web.console.log=false, web.target=firefox, api.hosts=hosts, web.url=https://testvagrant.myshopify.com/}
2023-09-13 15:53:59 INFO - Setting up Ekam build...
2023-09-13 15:57:12 INFO - Loaded Ekam build configuration {mobile.feed=mobilefeed, web.console.log=false, web.target=firefox, api.hosts=hosts, web.url=https://testvagrant.myshopify.com/}
2023-09-13 15:57:12 INFO - Setting up Ekam build...
2023-09-13 16:01:10 INFO - Loaded Ekam build configuration {mobile.feed=mobilefeed, web.console.log=false, web.target=firefox, api.hosts=hosts, web.url=https://testvagrant.myshopify.com/}
2023-09-13 16:01:10 INFO - Setting up Ekam build...
2023-09-25 11:23:56 INFO - Loaded Ekam build configuration {mobile.feed=mobilefeed, web.console.log=false, web.target=firefox, api.hosts=hosts, web.url=https://www.amazon.com/}
2023-09-25 11:23:57 INFO - Setting up Ekam build...
2023-09-25 11:26:23 INFO - Loaded Ekam build configuration {mobile.feed=mobilefeed, web.console.log=false, web.target=firefox, api.hosts=hosts, web.url=https://testvagrant.myshopify.com/cart}
2023-09-25 11:26:24 INFO - Setting up Ekam build...
2023-09-25 11:51:59 INFO - Loaded Ekam build configuration {mobile.feed=mobilefeed, web.console.log=false, web.target=firefox, api.hosts=hosts, web.url=https://testvagrant.myshopify.com/cart}
2023-09-25 11:52:00 INFO - Setting up Ekam build...
2023-09-25 12:01:18 INFO - Loaded Ekam build configuration {mobile.feed=mobilefeed, web.console.log=false, web.target=firefox, api.hosts=hosts, web.url=https://testvagrant.myshopify.com/cart}
2023-09-25 12:01:18 INFO - Setting up Ekam build...
2023-09-25 12:08:25 INFO - Loaded Ekam build configuration {mobile.feed=mobilefeed, web.console.log=false, web.target=firefox, api.hosts=hosts, web.url=https://testvagrant.myshopify.com/cart}
2023-09-25 12:08:25 INFO - Setting up Ekam build...
2023-09-25 12:23:49 INFO - Loaded Ekam build configuration {mobile.feed=mobilefeed, web.console.log=false, web.target=firefox, api.hosts=hosts, web.url=https://testvagrant.myshopify.com/cart}
2023-09-25 12:23:49 INFO - Setting up Ekam build...
2023-09-25 12:28:23 INFO - Loaded Ekam build configuration {mobile.feed=mobilefeed, web.console.log=false, web.target=firefox, api.hosts=hosts, web.url=https://testvagrant.myshopify.com/cart}
2023-09-25 12:28:23 INFO - Setting up Ekam build...
2023-09-25 12:31:31 INFO - Loaded Ekam build configuration {mobile.feed=mobilefeed, web.console.log=false, web.target=firefox, api.hosts=hosts, web.url=https://testvagrant.myshopify.com/cart}
2023-09-25 12:31:31 INFO - Setting up Ekam build...
2023-09-25 12:40:48 INFO - Loaded Ekam build configuration {mobile.feed=mobilefeed, web.console.log=false, web.target=firefox, api.hosts=hosts, web.url=https://testvagrant.myshopify.com/cart}
2023-09-25 12:40:48 INFO - Setting up Ekam build...
2023-09-25 13:04:39 INFO - Loaded Ekam build configuration {mobile.feed=mobilefeed, web.console.log=false, web.target=firefox, api.hosts=hosts, web.url=https://testvagrant.myshopify.com/cart}
2023-09-25 13:04:39 INFO - Setting up Ekam build...
2023-09-25 13:13:11 INFO - Loaded Ekam build configuration {mobile.feed=mobilefeed, web.console.log=false, web.target=firefox, api.hosts=hosts, web.url=https://testvagrant.myshopify.com/cart}
2023-09-25 13:13:11 INFO - Setting up Ekam build...
2023-09-25 13:17:05 INFO - Loaded Ekam build configuration {mobile.feed=mobilefeed, web.console.log=false, web.target=firefox, api.hosts=hosts, web.url=https://testvagrant.myshopify.com/cart}
2023-09-25 13:17:05 INFO - Setting up Ekam build...
2023-09-25 13:21:16 INFO - Loaded Ekam build configuration {mobile.feed=mobilefeed, web.console.log=false, web.target=firefox, api.hosts=hosts, web.url=https://testvagrant.myshopify.com/cart}
2023-09-25 13:21:16 INFO - Setting up Ekam build...
2023-09-25 14:04:05 INFO - Loaded Ekam build configuration {mobile.feed=mobilefeed, web.console.log=false, web.target=firefox, api.hosts=hosts, web.url=https://testvagrant.myshopify.com/cart}
2023-09-25 14:04:05 INFO - Setting up Ekam build...
2023-09-25 14:10:38 INFO - Loaded Ekam build configuration {mobile.feed=mobilefeed, web.console.log=false, web.target=firefox, api.hosts=hosts, web.url=https://testvagrant.myshopify.com/cart}
2023-09-25 14:10:38 INFO - Setting up Ekam build...
2023-09-25 14:14:25 INFO - Loaded Ekam build configuration {mobile.feed=mobilefeed, web.console.log=false, web.target=firefox, api.hosts=hosts, web.url=https://testvagrant.myshopify.com/cart}
2023-09-25 14:14:25 INFO - Setting up Ekam build...
2023-09-25 14:24:26 INFO - Loaded Ekam build configuration {mobile.feed=mobilefeed, web.console.log=false, web.target=firefox, api.hosts=hosts, web.url=https://testvagrant.myshopify.com/cart}
2023-09-25 14:24:26 INFO - Setting up Ekam build...
2023-09-25 14:30:31 INFO - Loaded Ekam build configuration {mobile.feed=mobilefeed, web.console.log=false, web.target=firefox, api.hosts=hosts, web.url=https://testvagrant.myshopify.com/cart}
2023-09-25 14:30:31 INFO - Setting up Ekam build...
2023-09-25 14:33:53 INFO - Loaded Ekam build configuration {mobile.feed=mobilefeed, web.console.log=false, web.target=firefox, api.hosts=hosts, web.url=https://testvagrant.myshopify.com/cart}
2023-09-25 14:33:53 INFO - Setting up Ekam build...
2023-09-25 14:37:11 INFO - Loaded Ekam build configuration {mobile.feed=mobilefeed, web.console.log=false, web.target=firefox, api.hosts=hosts, web.url=https://testvagrant.myshopify.com/cart}
2023-09-25 14:37:11 INFO - Setting up Ekam build...
2023-09-25 14:46:19 INFO - Loaded Ekam build configuration {mobile.feed=mobilefeed, web.console.log=false, web.target=firefox, api.hosts=hosts, web.url=https://testvagrant.myshopify.com/cart}
2023-09-25 14:46:19 INFO - Setting up Ekam build...
2023-09-25 14:54:16 INFO - Loaded Ekam build configuration {mobile.feed=mobilefeed, web.console.log=false, web.target=firefox, api.hosts=hosts, web.url=https://testvagrant.myshopify.com/cart}
2023-09-25 14:54:16 INFO - Setting up Ekam build...
2023-09-25 14:58:32 INFO - Loaded Ekam build configuration {mobile.feed=mobilefeed, web.console.log=false, web.target=firefox, api.hosts=hosts, web.url=https://testvagrant.myshopify.com/cart}
2023-09-25 14:58:33 INFO - Setting up Ekam build...
2023-09-25 15:04:29 INFO - Loaded Ekam build configuration {mobile.feed=mobilefeed, web.console.log=false, web.target=firefox, api.hosts=hosts, web.url=https://testvagrant.myshopify.com/cart}
2023-09-25 15:04:29 INFO - Setting up Ekam build...
2023-09-25 15:08:14 INFO - Loaded Ekam build configuration {mobile.feed=mobilefeed, web.console.log=false, web.target=firefox, api.hosts=hosts, web.url=https://testvagrant.myshopify.com/cart}
2023-09-25 15:08:14 INFO - Setting up Ekam build...
2023-09-25 15:11:23 INFO - Loaded Ekam build configuration {mobile.feed=mobilefeed, web.console.log=false, web.target=firefox, api.hosts=hosts, web.url=https://testvagrant.myshopify.com/cart}
2023-09-25 15:11:23 INFO - Setting up Ekam build...
2023-09-25 15:15:17 INFO - Loaded Ekam build configuration {mobile.feed=mobilefeed, web.console.log=false, web.target=firefox, api.hosts=hosts, web.url=https://testvagrant.myshopify.com/cart}
2023-09-25 15:15:17 INFO - Setting up Ekam build...
2023-09-25 15:31:26 INFO - Loaded Ekam build configuration {mobile.feed=mobilefeed, web.console.log=false, web.target=firefox, api.hosts=hosts, web.url=https://testvagrant.myshopify.com/cart}
2023-09-25 15:31:26 INFO - Setting up Ekam build...
2023-09-25 15:34:08 INFO - Loaded Ekam build configuration {mobile.feed=mobilefeed, web.console.log=false, web.target=firefox, api.hosts=hosts, web.url=https://testvagrant.myshopify.com/cart}
2023-09-25 15:34:08 INFO - Setting up Ekam build...
2023-09-25 15:40:27 INFO - Loaded Ekam build configuration {mobile.feed=mobilefeed, web.console.log=false, web.target=firefox, api.hosts=hosts, web.url=https://testvagrant.myshopify.com/cart}
2023-09-25 15:40:27 INFO - Setting up Ekam build...
2023-09-25 15:48:49 INFO - Loaded Ekam build configuration {mobile.feed=mobilefeed, web.console.log=false, web.target=firefox, api.hosts=hosts, web.url=https://testvagrant.myshopify.com/cart}
2023-09-25 15:48:49 INFO - Setting up Ekam build...
2023-09-25 15:52:15 INFO - Loaded Ekam build configuration {mobile.feed=mobilefeed, web.console.log=false, web.target=firefox, api.hosts=hosts, web.url=https://testvagrant.myshopify.com/cart}
2023-09-25 15:52:15 INFO - Setting up Ekam build...
2023-09-25 15:55:51 INFO - Loaded Ekam build configuration {mobile.feed=mobilefeed, web.console.log=false, web.target=firefox, api.hosts=hosts, web.url=https://testvagrant.myshopify.com/cart}
2023-09-25 15:55:51 INFO - Setting up Ekam build...
2023-09-25 16:06:23 INFO - Loaded Ekam build configuration {mobile.feed=mobilefeed, web.console.log=false, web.target=firefox, api.hosts=hosts, web.url=https://testvagrant.myshopify.com/cart}
2023-09-25 16:06:23 INFO - Setting up Ekam build...
2023-09-25 16:12:40 INFO - Loaded Ekam build configuration {mobile.feed=mobilefeed, web.console.log=false, web.target=firefox, api.hosts=hosts, web.url=https://testvagrant.myshopify.com/cart}
2023-09-25 16:12:40 INFO - Setting up Ekam build...
2023-09-25 16:13:23 INFO - Loaded Ekam build configuration {mobile.feed=mobilefeed, web.console.log=false, web.target=firefox, api.hosts=hosts, web.url=https://testvagrant.myshopify.com/cart}
2023-09-25 16:13:23 INFO - Setting up Ekam build...
2023-09-25 16:17:24 INFO - Loaded Ekam build configuration {mobile.feed=mobilefeed, web.console.log=false, web.target=firefox, api.hosts=hosts, web.url=https://testvagrant.myshopify.com/cart}
2023-09-25 16:17:24 INFO - Setting up Ekam build...
2023-09-25 16:23:32 INFO - Loaded Ekam build configuration {mobile.feed=mobilefeed, web.console.log=false, web.target=firefox, api.hosts=hosts, web.url=https://testvagrant.myshopify.com/cart}
2023-09-25 16:23:32 INFO - Setting up Ekam build...
2023-09-25 16:36:08 INFO - Loaded Ekam build configuration {mobile.feed=mobilefeed, web.console.log=false, web.target=firefox, api.hosts=hosts, web.url=https://testvagrant.myshopify.com/cart}
2023-09-25 16:36:08 INFO - Setting up Ekam build...
2023-09-25 16:44:17 INFO - Loaded Ekam build configuration {mobile.feed=mobilefeed, web.console.log=false, web.target=firefox, api.hosts=hosts, web.url=https://testvagrant.myshopify.com/cart}
2023-09-25 16:44:17 INFO - Setting up Ekam build...
2023-09-25 16:47:33 INFO - Loaded Ekam build configuration {mobile.feed=mobilefeed, web.console.log=false, web.target=firefox, api.hosts=hosts, web.url=https://testvagrant.myshopify.com/cart}
2023-09-25 16:47:33 INFO - Setting up Ekam build...
2023-09-25 17:10:12 INFO - Loaded Ekam build configuration {mobile.feed=mobilefeed, web.console.log=false, web.target=firefox, api.hosts=hosts, web.url=https://testvagrant.myshopify.com/cart}
2023-09-25 17:10:12 INFO - Setting up Ekam build...
2023-09-25 17:13:40 INFO - Loaded Ekam build configuration {mobile.feed=mobilefeed, web.console.log=false, web.target=firefox, api.hosts=hosts, web.url=https://testvagrant.myshopify.com/cart}
2023-09-25 17:13:40 INFO - Setting up Ekam build...
